<?xml version="1.0" encoding="utf-8"?><testsuites name="pytest tests"><testsuite name="pytest" errors="0" failures="0" skipped="0" tests="5" time="68.490" timestamp="2026-07-12T15:13:04.289106+00:00" hostname="agent-env-e800d7b5-f00b-4288-9c81-d3d2caee6194"><testcase classname="tests.backend_test" name="test_root" time="0.178" /><testcase classname="tests.backend_test" name="test_symptom_check_en_gallstones" time="11.045" /><testcase classname="tests.backend_test" name="test_symptom_check_ar_hernia" time="16.963" /><testcase classname="tests.backend_test" name="test_symptom_check_sv_reflux" time="16.665" /><testcase classname="tests.backend_test" name="test_symptom_check_repeat_persists" time="23.156" /></testsuite></testsuites>