<?xml version="1.0" encoding="utf-8"?><testsuites name="pytest tests"><testsuite name="pytest" errors="0" failures="0" skipped="0" tests="5" time="27.004" timestamp="2026-07-31T18:16:22.426785+00:00" hostname="agent-env-e800d7b5-f00b-4288-9c81-d3d2caee6194"><testcase classname="tests.backend_test" name="test_root" time="0.159" /><testcase classname="tests.backend_test" name="test_status_create_and_get_persistence" time="0.119" /><testcase classname="tests.backend_test" name="test_blog_posts_unconfigured_fallback" time="0.044" /><testcase classname="tests.backend_test" name="test_symptom_check_en_gallstones" time="10.488" /><testcase classname="tests.backend_test" name="test_symptom_check_ar_gallstones" time="15.637" /></testsuite></testsuites>